<?xml version="1.0" encoding="UTF-8"?>
<!-- Generated by org.testng.reporters.JUnitXMLReporter -->
<testsuite hostname="VSM-CUONGBV5-L" ignored="0" name="Command line test" tests="4" failures="0" timestamp="24 May 2021 16:05:43 GMT" time="6.645" errors="0">
  <testcase name="@BeforeTest init" time="0.0" classname="testcases.FlipboardLoginTest">
    <failure type="io.appium.java_client.service.local.InvalidServerInstanceException" message="The main Appium script does not exist at &amp;apos;C:\WINDOWS\system32\config\systemprofile\AppData\Roaming\npm\node_modules\appium\build\lib\main.js&amp;apos;">
      <![CDATA[io.appium.java_client.service.local.InvalidServerInstanceException: The main Appium script does not exist at 'C:\WINDOWS\system32\config\systemprofile\AppData\Roaming\npm\node_modules\appium\build\lib\main.js'
	at io.appium.java_client.service.local.AppiumServiceBuilder.findMainScript(AppiumServiceBuilder.java:163)
	at io.appium.java_client.service.local.AppiumServiceBuilder.loadPathToMainScript(AppiumServiceBuilder.java:317)
	at io.appium.java_client.service.local.AppiumServiceBuilder.createArgs(AppiumServiceBuilder.java:373)
	at org.openqa.selenium.remote.service.DriverService$Builder.build(DriverService.java:358)
	at io.appium.java_client.service.local.AppiumDriverLocalService.buildService(AppiumDriverLocalService.java:91)
	at io.appium.java_client.service.local.AppiumDriverLocalService.buildDefaultService(AppiumDriverLocalService.java:87)
	at utilities.AppiumServer.start(AppiumServer.java:18)
	at base.TestBase.setUp(TestBase.java:47)
	at testcases.FlipboardLoginTest.init(FlipboardLoginTest.java:29)
... Removed 33 stack frames]]>
    </failure>
  </testcase> <!-- @BeforeTest init -->
  <testcase name="@BeforeTest init" time="0.0" classname="testcases.SearchItemTest">
    <skipped/>
  </testcase> <!-- @BeforeTest init -->
  <testcase name="@BeforeTest init" time="0.0" classname="testcases.TitleSectionTest">
    <skipped/>
  </testcase> <!-- @BeforeTest init -->
  <testcase name="@AfterTest quitDriver" time="0.0" classname="testcases.FlipboardLoginTest">
    <skipped/>
  </testcase> <!-- @AfterTest quitDriver -->
  <testcase name="@AfterTest quitDriver" time="0.0" classname="testcases.SearchItemTest">
    <skipped/>
  </testcase> <!-- @AfterTest quitDriver -->
  <testcase name="@AfterTest quitDriver" time="0.0" classname="testcases.TitleSectionTest">
    <skipped/>
  </testcase> <!-- @AfterTest quitDriver -->
  <testcase name="searchItemTest" time="0.003" classname="testcases.SearchItemTest">
    <skipped/>
  </testcase> <!-- searchItemTest -->
  <testcase name="validateTitle" time="0.001" classname="testcases.TitleSectionTest">
    <skipped/>
  </testcase> <!-- validateTitle -->
  <testcase name="validateGetStartedButton" time="0.0" classname="testcases.FlipboardLoginTest">
    <skipped/>
  </testcase> <!-- validateGetStartedButton -->
  <testcase name="chooseTopicsTest" time="0.0" classname="testcases.FlipboardLoginTest">
    <skipped/>
  </testcase> <!-- chooseTopicsTest -->
</testsuite> <!-- Command line test -->
